[0.077s] DEBUG:colcon:Command line arguments: ['/usr/bin/colcon', 'build']
[0.077s] DEBUG:colcon:Parsed command line arguments: Namespace(ament_cmake_args=None, base_paths=['.'], build_base='build', catkin_cmake_args=None, catkin_skip_building_tests=False, cmake_args=None, cmake_clean_cache=False, cmake_clean_first=False, cmake_force_configure=False, cmake_target=None, cmake_target_skip_unavailable=False, continue_on_error=False, event_handlers=None, executor='sequential', install_base='install', log_base=None, log_level=None, main=<bound method BuildVerb.main of <colcon_core.verb.build.BuildVerb object at 0x7f4c1afbaeb0>>, merge_install=False, paths=None, symlink_install=False, test_result_base=None, verb_extension=<colcon_core.verb.build.BuildVerb object at 0x7f4c1afbaeb0>, verb_name='build', verb_parser=CustomArgumentParser(prog='colcon build', usage=None, description='Build a set of packages.', formatter_class=<class 'colcon_core.command.CustomFormatter'>, conflict_handler='error', add_help=True))
[0.152s] Level 1:colcon.colcon_core.package_discovery:discover_packages(recursive) check parameters
[0.152s] Level 1:colcon.colcon_core.package_discovery:discover_packages(path) check parameters
[0.152s] Level 1:colcon.colcon_core.package_discovery:discover_packages(recursive) discover
[0.152s] INFO:colcon.colcon_core.package_discovery:Crawling recursively for packages in '/home/cius/foxy_ws/src/ftservocontrol'
[0.152s] Level 1:colcon.colcon_core.package_identification:_identify(.) by extensions ['ignore', 'ignore_ament_install']
[0.152s] Level 1:colcon.colcon_core.package_identification:_identify(.) by extension 'ignore'
[0.152s] Level 1:colcon.colcon_core.package_identification:_identify(.) by extension 'ignore_ament_install'
[0.152s] Level 1:colcon.colcon_core.package_identification:_identify(.) by extensions ['ros']
[0.152s] Level 1:colcon.colcon_core.package_identification:_identify(.) by extension 'ros'
[0.162s] DEBUG:colcon.colcon_core.package_identification:Package '.' with type 'ros.ament_cmake' and name 'ftservocontrol'
[0.162s] Level 1:colcon.colcon_core.package_discovery:discover_packages(recursive) using defaults
[0.162s] Level 1:colcon.colcon_core.package_discovery:discover_packages(path) discover
[0.162s] Level 1:colcon.colcon_core.package_discovery:discover_packages(path) using defaults
[0.174s] Level 5:colcon.colcon_core.verb:set package 'ftservocontrol' build argument 'cmake_args' from command line to 'None'
[0.174s] Level 5:colcon.colcon_core.verb:set package 'ftservocontrol' build argument 'cmake_target' from command line to 'None'
[0.174s] Level 5:colcon.colcon_core.verb:set package 'ftservocontrol' build argument 'cmake_target_skip_unavailable' from command line to 'False'
[0.174s] Level 5:colcon.colcon_core.verb:set package 'ftservocontrol' build argument 'cmake_clean_cache' from command line to 'False'
[0.174s] Level 5:colcon.colcon_core.verb:set package 'ftservocontrol' build argument 'cmake_clean_first' from command line to 'False'
[0.174s] Level 5:colcon.colcon_core.verb:set package 'ftservocontrol' build argument 'cmake_force_configure' from command line to 'False'
[0.174s] Level 5:colcon.colcon_core.verb:set package 'ftservocontrol' build argument 'ament_cmake_args' from command line to 'None'
[0.174s] Level 5:colcon.colcon_core.verb:set package 'ftservocontrol' build argument 'catkin_cmake_args' from command line to 'None'
[0.174s] Level 5:colcon.colcon_core.verb:set package 'ftservocontrol' build argument 'catkin_skip_building_tests' from command line to 'False'
[0.174s] DEBUG:colcon.colcon_core.verb:Building package 'ftservocontrol' with the following arguments: {'ament_cmake_args': None, 'build_base': '/home/cius/foxy_ws/src/ftservocontrol/build/ftservocontrol', 'catkin_cmake_args': None, 'catkin_skip_building_tests': False, 'cmake_args': None, 'cmake_clean_cache': False, 'cmake_clean_first': False, 'cmake_force_configure': False, 'cmake_target': None, 'cmake_target_skip_unavailable': False, 'install_base': '/home/cius/foxy_ws/src/ftservocontrol/install/ftservocontrol', 'merge_install': False, 'path': '/home/cius/foxy_ws/src/ftservocontrol', 'symlink_install': False, 'test_result_base': None}
[0.174s] INFO:colcon.colcon_core.executor:Executing jobs using 'sequential' executor
[0.175s] DEBUG:colcon.colcon_core.executor.sequential:run_until_complete 'ftservocontrol'
[0.175s] INFO:colcon.colcon_ros.task.ament_cmake.build:Building ROS package in '/home/cius/foxy_ws/src/ftservocontrol' with build type 'ament_cmake'
[0.175s] INFO:colcon.colcon_cmake.task.cmake.build:Building CMake package in '/home/cius/foxy_ws/src/ftservocontrol'
[0.176s] INFO:colcon.colcon_core.plugin_system:Skipping extension 'colcon_core.shell.bat': Not used on non-Windows systems
[0.176s] DEBUG:colcon.colcon_core.shell:Skip shell extension 'dsv' for command environment
[0.182s] DEBUG:colcon.colcon_core.event_handler.log_command:Invoking command in '/home/cius/foxy_ws/src/ftservocontrol/build/ftservocontrol': CMAKE_PREFIX_PATH=${CMAKE_PREFIX_PATH}:/opt/ros/foxy /usr/bin/cmake --build /home/cius/foxy_ws/src/ftservocontrol/build/ftservocontrol -- -j24 -l24
[11.612s] DEBUG:colcon.colcon_core.event_handler.log_command:Invoked command in '/home/cius/foxy_ws/src/ftservocontrol/build/ftservocontrol' returned '0': CMAKE_PREFIX_PATH=${CMAKE_PREFIX_PATH}:/opt/ros/foxy /usr/bin/cmake --build /home/cius/foxy_ws/src/ftservocontrol/build/ftservocontrol -- -j24 -l24
[11.630s] DEBUG:colcon.colcon_core.event_handler.log_command:Invoking command in '/home/cius/foxy_ws/src/ftservocontrol/build/ftservocontrol': CMAKE_PREFIX_PATH=${CMAKE_PREFIX_PATH}:/opt/ros/foxy /usr/bin/cmake --install /home/cius/foxy_ws/src/ftservocontrol/build/ftservocontrol
[11.641s] Level 1:colcon.colcon_core.environment:create_environment_scripts_only(ftservocontrol)
[11.642s] DEBUG:colcon.colcon_core.event_handler.log_command:Invoked command in '/home/cius/foxy_ws/src/ftservocontrol/build/ftservocontrol' returned '0': CMAKE_PREFIX_PATH=${CMAKE_PREFIX_PATH}:/opt/ros/foxy /usr/bin/cmake --install /home/cius/foxy_ws/src/ftservocontrol/build/ftservocontrol
[11.644s] Level 1:colcon.colcon_core.environment:checking '/home/cius/foxy_ws/src/ftservocontrol/install/ftservocontrol' for CMake module files
[11.645s] Level 1:colcon.colcon_core.environment:checking '/home/cius/foxy_ws/src/ftservocontrol/install/ftservocontrol' for CMake config files
[11.645s] Level 1:colcon.colcon_core.shell:create_environment_hook('ftservocontrol', 'cmake_prefix_path')
[11.645s] INFO:colcon.colcon_core.shell:Creating environment descriptor '/home/cius/foxy_ws/src/ftservocontrol/install/ftservocontrol/share/ftservocontrol/hook/cmake_prefix_path.dsv'
[11.646s] INFO:colcon.colcon_core.shell:Creating environment hook '/home/cius/foxy_ws/src/ftservocontrol/install/ftservocontrol/share/ftservocontrol/hook/cmake_prefix_path.sh'
[11.648s] Level 1:colcon.colcon_core.environment:checking '/home/cius/foxy_ws/src/ftservocontrol/install/ftservocontrol/lib'
[11.648s] Level 1:colcon.colcon_core.shell:create_environment_hook('ftservocontrol', 'ld_library_path_lib')
[11.648s] INFO:colcon.colcon_core.shell:Creating environment descriptor '/home/cius/foxy_ws/src/ftservocontrol/install/ftservocontrol/share/ftservocontrol/hook/ld_library_path_lib.dsv'
[11.649s] INFO:colcon.colcon_core.shell:Creating environment hook '/home/cius/foxy_ws/src/ftservocontrol/install/ftservocontrol/share/ftservocontrol/hook/ld_library_path_lib.sh'
[11.649s] Level 1:colcon.colcon_core.environment:checking '/home/cius/foxy_ws/src/ftservocontrol/install/ftservocontrol/bin'
[11.650s] Level 1:colcon.colcon_core.environment:checking '/home/cius/foxy_ws/src/ftservocontrol/install/ftservocontrol/lib/pkgconfig/ftservocontrol.pc'
[11.651s] Level 1:colcon.colcon_core.environment:checking '/home/cius/foxy_ws/src/ftservocontrol/install/ftservocontrol/lib/python3.8/site-packages'
[11.651s] Level 1:colcon.colcon_core.shell:create_environment_hook('ftservocontrol', 'pythonpath')
[11.651s] INFO:colcon.colcon_core.shell:Creating environment descriptor '/home/cius/foxy_ws/src/ftservocontrol/install/ftservocontrol/share/ftservocontrol/hook/pythonpath.dsv'
[11.651s] INFO:colcon.colcon_core.shell:Creating environment hook '/home/cius/foxy_ws/src/ftservocontrol/install/ftservocontrol/share/ftservocontrol/hook/pythonpath.sh'
[11.652s] Level 1:colcon.colcon_core.environment:checking '/home/cius/foxy_ws/src/ftservocontrol/install/ftservocontrol/bin'
[11.652s] INFO:colcon.colcon_core.shell:Creating package descriptor '/home/cius/foxy_ws/src/ftservocontrol/install/ftservocontrol/share/ftservocontrol/package.dsv'
[11.652s] INFO:colcon.colcon_core.shell:Creating package script '/home/cius/foxy_ws/src/ftservocontrol/install/ftservocontrol/share/ftservocontrol/package.sh'
[11.653s] Level 1:colcon.colcon_core.environment:create_file_with_runtime_dependencies(/home/cius/foxy_ws/src/ftservocontrol/install/ftservocontrol/share/colcon-core/packages/ftservocontrol)
[11.678s] Level 1:colcon.colcon_core.environment:create_environment_scripts_only(ftservocontrol)
[11.678s] Level 1:colcon.colcon_core.environment:checking '/home/cius/foxy_ws/src/ftservocontrol/install/ftservocontrol' for CMake module files
[11.679s] Level 1:colcon.colcon_core.environment:checking '/home/cius/foxy_ws/src/ftservocontrol/install/ftservocontrol' for CMake config files
[11.679s] Level 1:colcon.colcon_core.shell:create_environment_hook('ftservocontrol', 'cmake_prefix_path')
[11.679s] INFO:colcon.colcon_core.shell:Creating environment descriptor '/home/cius/foxy_ws/src/ftservocontrol/install/ftservocontrol/share/ftservocontrol/hook/cmake_prefix_path.dsv'
[11.679s] INFO:colcon.colcon_core.shell:Creating environment hook '/home/cius/foxy_ws/src/ftservocontrol/install/ftservocontrol/share/ftservocontrol/hook/cmake_prefix_path.sh'
[11.680s] Level 1:colcon.colcon_core.environment:checking '/home/cius/foxy_ws/src/ftservocontrol/install/ftservocontrol/lib'
[11.680s] Level 1:colcon.colcon_core.shell:create_environment_hook('ftservocontrol', 'ld_library_path_lib')
[11.680s] INFO:colcon.colcon_core.shell:Creating environment descriptor '/home/cius/foxy_ws/src/ftservocontrol/install/ftservocontrol/share/ftservocontrol/hook/ld_library_path_lib.dsv'
[11.680s] INFO:colcon.colcon_core.shell:Creating environment hook '/home/cius/foxy_ws/src/ftservocontrol/install/ftservocontrol/share/ftservocontrol/hook/ld_library_path_lib.sh'
[11.680s] Level 1:colcon.colcon_core.environment:checking '/home/cius/foxy_ws/src/ftservocontrol/install/ftservocontrol/bin'
[11.680s] Level 1:colcon.colcon_core.environment:checking '/home/cius/foxy_ws/src/ftservocontrol/install/ftservocontrol/lib/pkgconfig/ftservocontrol.pc'
[11.680s] Level 1:colcon.colcon_core.environment:checking '/home/cius/foxy_ws/src/ftservocontrol/install/ftservocontrol/lib/python3.8/site-packages'
[11.680s] Level 1:colcon.colcon_core.shell:create_environment_hook('ftservocontrol', 'pythonpath')
[11.680s] INFO:colcon.colcon_core.shell:Creating environment descriptor '/home/cius/foxy_ws/src/ftservocontrol/install/ftservocontrol/share/ftservocontrol/hook/pythonpath.dsv'
[11.681s] INFO:colcon.colcon_core.shell:Creating environment hook '/home/cius/foxy_ws/src/ftservocontrol/install/ftservocontrol/share/ftservocontrol/hook/pythonpath.sh'
[11.682s] Level 1:colcon.colcon_core.environment:checking '/home/cius/foxy_ws/src/ftservocontrol/install/ftservocontrol/bin'
[11.682s] INFO:colcon.colcon_core.shell:Creating package descriptor '/home/cius/foxy_ws/src/ftservocontrol/install/ftservocontrol/share/ftservocontrol/package.dsv'
[11.683s] INFO:colcon.colcon_core.shell:Creating package script '/home/cius/foxy_ws/src/ftservocontrol/install/ftservocontrol/share/ftservocontrol/package.sh'
[11.683s] Level 1:colcon.colcon_core.environment:create_file_with_runtime_dependencies(/home/cius/foxy_ws/src/ftservocontrol/install/ftservocontrol/share/colcon-core/packages/ftservocontrol)
[11.683s] DEBUG:colcon.colcon_core.executor.sequential:run_until_complete 'ftservocontrol' finished with '0'
[11.684s] DEBUG:colcon.colcon_core.executor.sequential:closing loop
[11.684s] DEBUG:colcon.colcon_core.executor.sequential:loop closed
[11.684s] DEBUG:colcon.colcon_core.event_reactor:joining thread
[11.684s] DEBUG:colcon.colcon_core.event_reactor:joined thread
[11.684s] INFO:colcon.colcon_core.shell:Creating prefix script '/home/cius/foxy_ws/src/ftservocontrol/install/local_setup.sh'
[11.685s] INFO:colcon.colcon_core.shell:Creating prefix util module '/home/cius/foxy_ws/src/ftservocontrol/install/_local_setup_util_sh.py'
[11.687s] INFO:colcon.colcon_core.shell:Creating prefix chain script '/home/cius/foxy_ws/src/ftservocontrol/install/setup.sh'
