Performing C SOURCE FILE Test CMAKE_HAVE_LIBC_PTHREAD failed with the following output:
Change Dir: /home/cius/foxy_ws/src/ftservocontrol/build/ftservocontrol/CMakeFiles/CMakeScratch/TryCompile-lDmWDC

Run Build Command(s):/usr/bin/make -f Makefile cmTC_7469c/fast && /usr/bin/make  -f CMakeFiles/cmTC_7469c.dir/build.make CMakeFiles/cmTC_7469c.dir/build
make[1]: Entering directory '/home/cius/foxy_ws/src/ftservocontrol/build/ftservocontrol/CMakeFiles/CMakeScratch/TryCompile-lDmWDC'
Building C object CMakeFiles/cmTC_7469c.dir/src.c.o
/usr/bin/cc -DCMAKE_HAVE_LIBC_PTHREAD   -o CMakeFiles/cmTC_7469c.dir/src.c.o -c /home/cius/foxy_ws/src/ftservocontrol/build/ftservocontrol/CMakeFiles/CMakeScratch/TryCompile-lDmWDC/src.c
Linking C executable cmTC_7469c
/usr/bin/cmake -E cmake_link_script CMakeFiles/cmTC_7469c.dir/link.txt --verbose=1
/usr/bin/cc CMakeFiles/cmTC_7469c.dir/src.c.o -o cmTC_7469c 
/usr/bin/ld: CMakeFiles/cmTC_7469c.dir/src.c.o: in function `main':
src.c:(.text+0x46): undefined reference to `pthread_create'
/usr/bin/ld: src.c:(.text+0x52): undefined reference to `pthread_detach'
/usr/bin/ld: src.c:(.text+0x5e): undefined reference to `pthread_cancel'
/usr/bin/ld: src.c:(.text+0x6f): undefined reference to `pthread_join'
collect2: error: ld returned 1 exit status
make[1]: *** [CMakeFiles/cmTC_7469c.dir/build.make:99: cmTC_7469c] Error 1
make[1]: Leaving directory '/home/cius/foxy_ws/src/ftservocontrol/build/ftservocontrol/CMakeFiles/CMakeScratch/TryCompile-lDmWDC'
make: *** [Makefile:127: cmTC_7469c/fast] Error 2


Source file was:
#include <pthread.h>

static void* test_func(void* data)
{
  return data;
}

int main(void)
{
  pthread_t thread;
  pthread_create(&thread, NULL, test_func, NULL);
  pthread_detach(thread);
  pthread_cancel(thread);
  pthread_join(thread, NULL);
  pthread_atfork(NULL, NULL, NULL);
  pthread_exit(NULL);

  return 0;
}


Determining if the function pthread_create exists in the pthreads failed with the following output:
Change Dir: /home/cius/foxy_ws/src/ftservocontrol/build/ftservocontrol/CMakeFiles/CMakeScratch/TryCompile-KEIgcD

Run Build Command(s):/usr/bin/make -f Makefile cmTC_b3f46/fast && /usr/bin/make  -f CMakeFiles/cmTC_b3f46.dir/build.make CMakeFiles/cmTC_b3f46.dir/build
make[1]: Entering directory '/home/cius/foxy_ws/src/ftservocontrol/build/ftservocontrol/CMakeFiles/CMakeScratch/TryCompile-KEIgcD'
Building C object CMakeFiles/cmTC_b3f46.dir/CheckFunctionExists.c.o
/usr/bin/cc   -DCHECK_FUNCTION_EXISTS=pthread_create -o CMakeFiles/cmTC_b3f46.dir/CheckFunctionExists.c.o -c /home/cius/foxy_ws/src/ftservocontrol/build/ftservocontrol/CMakeFiles/CMakeScratch/TryCompile-KEIgcD/CheckFunctionExists.c
Linking C executable cmTC_b3f46
/usr/bin/cmake -E cmake_link_script CMakeFiles/cmTC_b3f46.dir/link.txt --verbose=1
/usr/bin/cc  -DCHECK_FUNCTION_EXISTS=pthread_create CMakeFiles/cmTC_b3f46.dir/CheckFunctionExists.c.o -o cmTC_b3f46  -lpthreads 
/usr/bin/ld: cannot find -lpthreads
collect2: error: ld returned 1 exit status
make[1]: *** [CMakeFiles/cmTC_b3f46.dir/build.make:99: cmTC_b3f46] Error 1
make[1]: Leaving directory '/home/cius/foxy_ws/src/ftservocontrol/build/ftservocontrol/CMakeFiles/CMakeScratch/TryCompile-KEIgcD'
make: *** [Makefile:127: cmTC_b3f46/fast] Error 2



